{
"contracts/Dzap_NFT_Staking.sol":{"l":{"46":17,"50":16,"56":13,"60":12,"86":30,"87":30,"88":30,"104":30,"105":30,"106":30,"107":30,"108":30,"114":16,"119":15,"123":14,"124":14,"131":14,"137":6,"142":5,"146":5,"147":5,"149":5,"155":2,"159":2,"164":1,"166":1,"172":1,"180":6,"185":6,"190":6,"192":6,"196":1,"199":1,"201":1,"203":5,"205":5,"207":5,"210":6,"212":6,"214":6,"219":6,"227":1,"232":2,"237":31,"243":1,"251":1,"264":1},"path":"/home/soumalya/Assignments/2/Assignment_Dzap_Staking/contracts/Dzap_NFT_Staking.sol","s":{"1":17,"2":13,"3":30,"4":30,"5":16,"6":15,"7":14,"8":14,"9":6,"10":5,"11":2,"12":2,"13":1,"14":1,"15":6,"16":6,"17":6,"18":6,"19":1,"20":5,"21":6,"22":6,"23":6,"24":1},"b":{"1":[16,1],"2":[12,1],"3":[30,0],"4":[30,0],"5":[16,1],"6":[15,1],"7":[15,0],"8":[14,1],"9":[6,1],"10":[5,1],"11":[2,0],"12":[1,1],"13":[6,0],"14":[6,0],"15":[6,0],"16":[1,5],"17":[6,0],"18":[6,0],"19":[1,1],"20":[2,1],"21":[31,1],"22":[1,1],"23":[1,1],"24":[0,0]},"f":{"1":17,"2":13,"3":30,"4":30,"5":16,"6":6,"7":2,"8":6,"9":1,"10":2,"11":31,"12":1,"13":1,"14":0,"15":1},"fnMap":{"1":{"name":"whenNotpaused","line":45,"loc":{"start":{"line":45,"column":4},"end":{"line":51,"column":4}}},"2":{"name":"onlywhenTokenOwner","line":55,"loc":{"start":{"line":55,"column":4},"end":{"line":61,"column":4}}},"3":{"name":"initialize","line":85,"loc":{"start":{"line":85,"column":4},"end":{"line":89,"column":4}}},"4":{"name":"setContractData","line":103,"loc":{"start":{"line":97,"column":4},"end":{"line":109,"column":4}}},"5":{"name":"stakeNFT","line":113,"loc":{"start":{"line":113,"column":4},"end":{"line":132,"column":4}}},"6":{"name":"unstakeNFT","line":136,"loc":{"start":{"line":136,"column":4},"end":{"line":150,"column":4}}},"7":{"name":"withdrawNFT","line":154,"loc":{"start":{"line":154,"column":4},"end":{"line":173,"column":4}}},"8":{"name":"claimRewards","line":179,"loc":{"start":{"line":177,"column":4},"end":{"line":220,"column":4}}},"9":{"name":"updateRewardPerBlock","line":226,"loc":{"start":{"line":224,"column":4},"end":{"line":228,"column":4}}},"10":{"name":"pause","line":231,"loc":{"start":{"line":231,"column":4},"end":{"line":233,"column":4}}},"11":{"name":"unpause","line":236,"loc":{"start":{"line":236,"column":4},"end":{"line":238,"column":4}}},"12":{"name":"updateDelayPeriod","line":242,"loc":{"start":{"line":242,"column":4},"end":{"line":244,"column":4}}},"13":{"name":"updateUnbondingPeriod","line":250,"loc":{"start":{"line":248,"column":4},"end":{"line":252,"column":4}}},"14":{"name":"_authorizeUpgrade","line":259,"loc":{"start":{"line":257,"column":4},"end":{"line":259,"column":35}}},"15":{"name":"version","line":263,"loc":{"start":{"line":263,"column":4},"end":{"line":265,"column":4}}}},"statementMap":{"1":{"start":{"line":46,"column":8},"end":{"line":46,"column":1653}},"2":{"start":{"line":56,"column":8},"end":{"line":56,"column":1970}},"3":{"start":{"line":86,"column":8},"end":{"line":86,"column":33}},"4":{"start":{"line":87,"column":8},"end":{"line":87,"column":31}},"5":{"start":{"line":114,"column":8},"end":{"line":114,"column":4316}},"6":{"start":{"line":119,"column":8},"end":{"line":119,"column":4533}},"7":{"start":{"line":123,"column":8},"end":{"line":123,"column":69}},"8":{"start":{"line":131,"column":8},"end":{"line":131,"column":45}},"9":{"start":{"line":137,"column":8},"end":{"line":137,"column":5154}},"10":{"start":{"line":149,"column":8},"end":{"line":149,"column":47}},"11":{"start":{"line":155,"column":8},"end":{"line":155,"column":5787}},"12":{"start":{"line":159,"column":8},"end":{"line":159,"column":5926}},"13":{"start":{"line":166,"column":8},"end":{"line":166,"column":6124}},"14":{"start":{"line":172,"column":8},"end":{"line":172,"column":48}},"15":{"start":{"line":180,"column":8},"end":{"line":180,"column":6541}},"16":{"start":{"line":185,"column":8},"end":{"line":185,"column":6669}},"17":{"start":{"line":190,"column":8},"end":{"line":190,"column":23}},"18":{"start":{"line":192,"column":8},"end":{"line":192,"column":6844}},"19":{"start":{"line":196,"column":12},"end":{"line":196,"column":7021}},"20":{"start":{"line":203,"column":12},"end":{"line":203,"column":76}},"21":{"start":{"line":210,"column":8},"end":{"line":210,"column":50}},"22":{"start":{"line":214,"column":8},"end":{"line":214,"column":7530}},"23":{"start":{"line":219,"column":8},"end":{"line":219,"column":50}},"24":{"start":{"line":264,"column":8},"end":{"line":264,"column":22}}},"branchMap":{"1":{"line":46,"type":"if","locations":[{"start":{"line":46,"column":8},"end":{"line":46,"column":8}},{"start":{"line":46,"column":8},"end":{"line":46,"column":8}}]},"2":{"line":56,"type":"if","locations":[{"start":{"line":56,"column":8},"end":{"line":56,"column":8}},{"start":{"line":56,"column":8},"end":{"line":56,"column":8}}]},"3":{"line":85,"type":"if","locations":[{"start":{"line":85,"column":33},"end":{"line":85,"column":33}},{"start":{"line":85,"column":33},"end":{"line":85,"column":33}}]},"4":{"line":103,"type":"if","locations":[{"start":{"line":103,"column":15},"end":{"line":103,"column":15}},{"start":{"line":103,"column":15},"end":{"line":103,"column":15}}]},"5":{"line":113,"type":"if","locations":[{"start":{"line":113,"column":48},"end":{"line":113,"column":48}},{"start":{"line":113,"column":48},"end":{"line":113,"column":48}}]},"6":{"line":114,"type":"if","locations":[{"start":{"line":114,"column":8},"end":{"line":114,"column":8}},{"start":{"line":114,"column":8},"end":{"line":114,"column":8}}]},"7":{"line":115,"type":"cond-expr","locations":[{"start":{"line":115,"column":12},"end":{"line":115,"column":62}},{"start":{"line":116,"column":16},"end":{"line":116,"column":65}}]},"8":{"line":119,"type":"if","locations":[{"start":{"line":119,"column":8},"end":{"line":119,"column":8}},{"start":{"line":119,"column":8},"end":{"line":119,"column":8}}]},"9":{"line":136,"type":"if","locations":[{"start":{"line":136,"column":50},"end":{"line":136,"column":50}},{"start":{"line":136,"column":50},"end":{"line":136,"column":50}}]},"10":{"line":137,"type":"if","locations":[{"start":{"line":137,"column":8},"end":{"line":137,"column":8}},{"start":{"line":137,"column":8},"end":{"line":137,"column":8}}]},"11":{"line":155,"type":"if","locations":[{"start":{"line":155,"column":8},"end":{"line":155,"column":8}},{"start":{"line":155,"column":8},"end":{"line":155,"column":8}}]},"12":{"line":159,"type":"if","locations":[{"start":{"line":159,"column":8},"end":{"line":159,"column":8}},{"start":{"line":159,"column":8},"end":{"line":159,"column":8}}]},"13":{"line":179,"type":"if","locations":[{"start":{"line":179,"column":15},"end":{"line":179,"column":15}},{"start":{"line":179,"column":15},"end":{"line":179,"column":15}}]},"14":{"line":180,"type":"if","locations":[{"start":{"line":180,"column":8},"end":{"line":180,"column":8}},{"start":{"line":180,"column":8},"end":{"line":180,"column":8}}]},"15":{"line":185,"type":"if","locations":[{"start":{"line":185,"column":8},"end":{"line":185,"column":8}},{"start":{"line":185,"column":8},"end":{"line":185,"column":8}}]},"16":{"line":192,"type":"if","locations":[{"start":{"line":192,"column":8},"end":{"line":192,"column":8}},{"start":{"line":192,"column":8},"end":{"line":192,"column":8}}]},"17":{"line":210,"type":"if","locations":[{"start":{"line":210,"column":8},"end":{"line":210,"column":8}},{"start":{"line":210,"column":8},"end":{"line":210,"column":8}}]},"18":{"line":214,"type":"if","locations":[{"start":{"line":214,"column":8},"end":{"line":214,"column":8}},{"start":{"line":214,"column":8},"end":{"line":214,"column":8}}]},"19":{"line":226,"type":"if","locations":[{"start":{"line":226,"column":15},"end":{"line":226,"column":15}},{"start":{"line":226,"column":15},"end":{"line":226,"column":15}}]},"20":{"line":231,"type":"if","locations":[{"start":{"line":231,"column":30},"end":{"line":231,"column":30}},{"start":{"line":231,"column":30},"end":{"line":231,"column":30}}]},"21":{"line":236,"type":"if","locations":[{"start":{"line":236,"column":32},"end":{"line":236,"column":32}},{"start":{"line":236,"column":32},"end":{"line":236,"column":32}}]},"22":{"line":242,"type":"if","locations":[{"start":{"line":242,"column":65},"end":{"line":242,"column":65}},{"start":{"line":242,"column":65},"end":{"line":242,"column":65}}]},"23":{"line":250,"type":"if","locations":[{"start":{"line":250,"column":15},"end":{"line":250,"column":15}},{"start":{"line":250,"column":15},"end":{"line":250,"column":15}}]},"24":{"line":259,"type":"if","locations":[{"start":{"line":259,"column":24},"end":{"line":259,"column":24}},{"start":{"line":259,"column":24},"end":{"line":259,"column":24}}]}}},
"contracts/Mocks/MockERC20.sol":{"l":{"10":30,"14":30},"path":"/home/soumalya/Assignments/2/Assignment_Dzap_Staking/contracts/Mocks/MockERC20.sol","s":{"1":30,"2":30},"b":{"1":[30,0]},"f":{"1":30,"2":30},"fnMap":{"1":{"name":"constructor","line":9,"loc":{"start":{"line":9,"column":4},"end":{"line":11,"column":4}}},"2":{"name":"mint","line":13,"loc":{"start":{"line":13,"column":4},"end":{"line":15,"column":4}}}},"statementMap":{"1":{"start":{"line":10,"column":8},"end":{"line":10,"column":58}},"2":{"start":{"line":14,"column":8},"end":{"line":14,"column":24}}},"branchMap":{"1":{"line":13,"type":"if","locations":[{"start":{"line":13,"column":53},"end":{"line":13,"column":53}},{"start":{"line":13,"column":53},"end":{"line":13,"column":53}}]}}},
"contracts/Mocks/MockERC721.sol":{"l":{"12":60,"13":60,"14":60},"path":"/home/soumalya/Assignments/2/Assignment_Dzap_Staking/contracts/Mocks/MockERC721.sol","s":{"1":60,"2":60},"b":{},"f":{"1":30,"2":60},"fnMap":{"1":{"name":"constructor","line":9,"loc":{"start":{"line":9,"column":4},"end":{"line":9,"column":44}}},"2":{"name":"mint","line":11,"loc":{"start":{"line":11,"column":4},"end":{"line":15,"column":4}}}},"statementMap":{"1":{"start":{"line":13,"column":8},"end":{"line":13,"column":38}},"2":{"start":{"line":14,"column":8},"end":{"line":14,"column":29}}},"branchMap":{}}}
