TN:
SF:/home/soumalya/Assignments/2/Assignment_Dzap_Staking/contracts/Dzap_NFT_Staking.sol
FN:45,whenNotpaused
FN:55,onlywhenTokenOwner
FN:85,initialize
FN:103,setContractData
FN:113,stakeNFT
FN:136,unstakeNFT
FN:154,withdrawNFT
FN:179,claimRewards
FN:226,updateRewardPerBlock
FN:231,pause
FN:236,unpause
FN:242,updateDelayPeriod
FN:250,updateUnbondingPeriod
FN:259,_authorizeUpgrade
FN:263,version
FNF:15
FNH:14
FNDA:17,whenNotpaused
FNDA:13,onlywhenTokenOwner
FNDA:30,initialize
FNDA:30,setContractData
FNDA:16,stakeNFT
FNDA:6,unstakeNFT
FNDA:2,withdrawNFT
FNDA:6,claimRewards
FNDA:1,updateRewardPerBlock
FNDA:2,pause
FNDA:31,unpause
FNDA:1,updateDelayPeriod
FNDA:1,updateUnbondingPeriod
FNDA:0,_authorizeUpgrade
FNDA:1,version
DA:46,17
DA:50,16
DA:56,13
DA:60,12
DA:86,30
DA:87,30
DA:88,30
DA:104,30
DA:105,30
DA:106,30
DA:107,30
DA:108,30
DA:114,16
DA:119,15
DA:123,14
DA:124,14
DA:131,14
DA:137,6
DA:142,5
DA:146,5
DA:147,5
DA:149,5
DA:155,2
DA:159,2
DA:164,1
DA:166,1
DA:172,1
DA:180,6
DA:185,6
DA:190,6
DA:192,6
DA:196,1
DA:199,1
DA:201,1
DA:203,5
DA:205,5
DA:207,5
DA:210,6
DA:212,6
DA:214,6
DA:219,6
DA:227,1
DA:232,2
DA:237,31
DA:243,1
DA:251,1
DA:264,1
LF:47
LH:47
BRDA:46,1,0,16
BRDA:46,1,1,1
BRDA:56,2,0,12
BRDA:56,2,1,1
BRDA:85,3,0,30
BRDA:85,3,1,0
BRDA:103,4,0,30
BRDA:103,4,1,0
BRDA:113,5,0,16
BRDA:113,5,1,1
BRDA:114,6,0,15
BRDA:114,6,1,1
BRDA:115,7,0,15
BRDA:115,7,1,0
BRDA:119,8,0,14
BRDA:119,8,1,1
BRDA:136,9,0,6
BRDA:136,9,1,1
BRDA:137,10,0,5
BRDA:137,10,1,1
BRDA:155,11,0,2
BRDA:155,11,1,0
BRDA:159,12,0,1
BRDA:159,12,1,1
BRDA:179,13,0,6
BRDA:179,13,1,0
BRDA:180,14,0,6
BRDA:180,14,1,0
BRDA:185,15,0,6
BRDA:185,15,1,0
BRDA:192,16,0,1
BRDA:192,16,1,5
BRDA:210,17,0,6
BRDA:210,17,1,0
BRDA:214,18,0,6
BRDA:214,18,1,0
BRDA:226,19,0,1
BRDA:226,19,1,1
BRDA:231,20,0,2
BRDA:231,20,1,1
BRDA:236,21,0,31
BRDA:236,21,1,1
BRDA:242,22,0,1
BRDA:242,22,1,1
BRDA:250,23,0,1
BRDA:250,23,1,1
BRDA:259,24,0,0
BRDA:259,24,1,0
BRF:48
BRH:37
end_of_record
TN:
SF:/home/soumalya/Assignments/2/Assignment_Dzap_Staking/contracts/Mocks/MockERC20.sol
FN:9,constructor
FN:13,mint
FNF:2
FNH:2
FNDA:30,constructor
FNDA:30,mint
DA:10,30
DA:14,30
LF:2
LH:2
BRDA:13,1,0,30
BRDA:13,1,1,0
BRF:2
BRH:1
end_of_record
TN:
SF:/home/soumalya/Assignments/2/Assignment_Dzap_Staking/contracts/Mocks/MockERC721.sol
FN:9,constructor
FN:11,mint
FNF:2
FNH:2
FNDA:30,constructor
FNDA:60,mint
DA:12,60
DA:13,60
DA:14,60
LF:3
LH:3
BRF:0
BRH:0
end_of_record
